# JRE version: Java(TM) SE Runtime Environment (8.0_131-b11) (build 1.8.0_131-b11)
# Java VM: Java HotSpot(TM) 64-Bit Server VM (25.131-b11 mixed mode linux-amd64 compressed oops)
Heap:
 def new generation   total 9920K, used 0K [0x00000000e0e00000, 0x00000000e18c0000, 0x00000000eb400000)
  eden space 8832K,   0% used [0x00000000e0e00000, 0x00000000e0e00000, 0x00000000e16a0000)
  from space 1088K,   0% used [0x00000000e16a0000, 0x00000000e16a0000, 0x00000000e17b0000)
  to   space 1088K,   0% used [0x00000000e17b0000, 0x00000000e17b0000, 0x00000000e18c0000)
 tenured generation   total 21888K, used 6439K [0x00000000eb400000, 0x00000000ec960000, 0x0000000100000000)
   the space 21888K,  29% used [0x00000000eb400000, 0x00000000eba49c10, 0x00000000eba49e00, 0x00000000ec960000)
 Metaspace       used 17327K, capacity 17530K, committed 17792K, reserved 1064960K
  class space    used 2041K, capacity 2125K, committed 2176K, reserved 1048576K
GC Heap History (10 events):
Event: 255.580 GC heap before
{Heap before GC invocations=12 (full 0):
 def new generation   total 9792K, used 9445K [0x00000000e0e00000, 0x00000000e18a0000, 0x00000000eb400000)
  eden space 8704K, 100% used [0x00000000e0e00000, 0x00000000e1680000, 0x00000000e1680000)
  from space 1088K,  68% used [0x00000000e1680000, 0x00000000e1739470, 0x00000000e1790000)
  to   space 1088K,   0% used [0x00000000e1790000, 0x00000000e1790000, 0x00000000e18a0000)
 tenured generation   total 21888K, used 6611K [0x00000000eb400000, 0x00000000ec960000, 0x0000000100000000)
   the space 21888K,  30% used [0x00000000eb400000, 0x00000000eba74d80, 0x00000000eba74e00, 0x00000000ec960000)
 Metaspace       used 16396K, capacity 16634K, committed 16896K, reserved 1064960K
  class space    used 1928K, capacity 1997K, committed 2048K, reserved 1048576K
Event: 255.609 GC heap after
Heap after GC invocations=13 (full 0):
 def new generation   total 9792K, used 420K [0x00000000e0e00000, 0x00000000e18a0000, 0x00000000eb400000)
  eden space 8704K,   0% used [0x00000000e0e00000, 0x00000000e0e00000, 0x00000000e1680000)
  from space 1088K,  38% used [0x00000000e1790000, 0x00000000e17f9028, 0x00000000e18a0000)
  to   space 1088K,   0% used [0x00000000e1680000, 0x00000000e1680000, 0x00000000e1790000)
 tenured generation   total 21888K, used 7285K [0x00000000eb400000, 0x00000000ec960000, 0x0000000100000000)
   the space 21888K,  33% used [0x00000000eb400000, 0x00000000ebb1d558, 0x00000000ebb1d600, 0x00000000ec960000)
 Metaspace       used 16396K, capacity 16634K, committed 16896K, reserved 1064960K
  class space    used 1928K, capacity 1997K, committed 2048K, reserved 1048576K
}
Event: 256.403 GC heap before
{Heap before GC invocations=13 (full 0):
 def new generation   total 9792K, used 9124K [0x00000000e0e00000, 0x00000000e18a0000, 0x00000000eb400000)
  eden space 8704K, 100% used [0x00000000e0e00000, 0x00000000e1680000, 0x00000000e1680000)
  from space 1088K,  38% used [0x00000000e1790000, 0x00000000e17f9028, 0x00000000e18a0000)
  to   space 1088K,   0% used [0x00000000e1680000, 0x00000000e1680000, 0x00000000e1790000)
 tenured generation   total 21888K, used 7285K [0x00000000eb400000, 0x00000000ec960000, 0x0000000100000000)
   the space 21888K,  33% used [0x00000000eb400000, 0x00000000ebb1d558, 0x00000000ebb1d600, 0x00000000ec960000)
 Metaspace       used 16531K, capacity 16794K, committed 16896K, reserved 1064960K
  class space    used 1943K, capacity 2029K, committed 2048K, reserved 1048576K
Event: 256.431 GC heap after
Heap after GC invocations=14 (full 0):
 def new generation   total 9792K, used 662K [0x00000000e0e00000, 0x00000000e18a0000, 0x00000000eb400000)
  eden space 8704K,   0% used [0x00000000e0e00000, 0x00000000e0e00000, 0x00000000e1680000)
  from space 1088K,  60% used [0x00000000e1680000, 0x00000000e1725b20, 0x00000000e1790000)
  to   space 1088K,   0% used [0x00000000e1790000, 0x00000000e1790000, 0x00000000e18a0000)
 tenured generation   total 21888K, used 7285K [0x00000000eb400000, 0x00000000ec960000, 0x0000000100000000)
   the space 21888K,  33% used [0x00000000eb400000, 0x00000000ebb1d558, 0x00000000ebb1d600, 0x00000000ec960000)
 Metaspace       used 16531K, capacity 16794K, committed 16896K, reserved 1064960K
  class space    used 1943K, capacity 2029K, committed 2048K, reserved 1048576K
}
Event: 257.241 GC heap before
{Heap before GC invocations=14 (full 0):
 def new generation   total 9792K, used 9366K [0x00000000e0e00000, 0x00000000e18a0000, 0x00000000eb400000)
  eden space 8704K, 100% used [0x00000000e0e00000, 0x00000000e1680000, 0x00000000e1680000)
  from space 1088K,  60% used [0x00000000e1680000, 0x00000000e1725b20, 0x00000000e1790000)
  to   space 1088K,   0% used [0x00000000e1790000, 0x00000000e1790000, 0x00000000e18a0000)
 tenured generation   total 21888K, used 7285K [0x00000000eb400000, 0x00000000ec960000, 0x0000000100000000)
   the space 21888K,  33% used [0x00000000eb400000, 0x00000000ebb1d558, 0x00000000ebb1d600, 0x00000000ec960000)
 Metaspace       used 16799K, capacity 17082K, committed 17280K, reserved 1064960K
  class space    used 1974K, capacity 2061K, committed 2176K, reserved 1048576K
Event: 257.425 GC heap after
Heap after GC invocations=15 (full 0):
 def new generation   total 9792K, used 520K [0x00000000e0e00000, 0x00000000e18a0000, 0x00000000eb400000)
  eden space 8704K,   0% used [0x00000000e0e00000, 0x00000000e0e00000, 0x00000000e1680000)
  from space 1088K,  47% used [0x00000000e1790000, 0x00000000e1812130, 0x00000000e18a0000)
  to   space 1088K,   0% used [0x00000000e1680000, 0x00000000e1680000, 0x00000000e1790000)
 tenured generation   total 21888K, used 7430K [0x00000000eb400000, 0x00000000ec960000, 0x0000000100000000)
   the space 21888K,  33% used [0x00000000eb400000, 0x00000000ebb41b70, 0x00000000ebb41c00, 0x00000000ec960000)
 Metaspace       used 16799K, capacity 17082K, committed 17280K, reserved 1064960K
  class space    used 1974K, capacity 2061K, committed 2176K, reserved 1048576K
}
Event: 258.201 GC heap before
{Heap before GC invocations=15 (full 0):
 def new generation   total 9792K, used 9224K [0x00000000e0e00000, 0x00000000e18a0000, 0x00000000eb400000)
  eden space 8704K, 100% used [0x00000000e0e00000, 0x00000000e1680000, 0x00000000e1680000)
  from space 1088K,  47% used [0x00000000e1790000, 0x00000000e1812130, 0x00000000e18a0000)
  to   space 1088K,   0% used [0x00000000e1680000, 0x00000000e1680000, 0x00000000e1790000)
 tenured generation   total 21888K, used 7430K [0x00000000eb400000, 0x00000000ec960000, 0x0000000100000000)
   the space 21888K,  33% used [0x00000000eb400000, 0x00000000ebb41b70, 0x00000000ebb41c00, 0x00000000ec960000)
 Metaspace       used 17233K, capacity 17466K, committed 17792K, reserved 1064960K
  class space    used 2031K, capacity 2125K, committed 2176K, reserved 1048576K
Event: 258.210 GC heap after
Heap after GC invocations=16 (full 0):
 def new generation   total 9792K, used 676K [0x00000000e0e00000, 0x00000000e18a0000, 0x00000000eb400000)
  eden space 8704K,   0% used [0x00000000e0e00000, 0x00000000e0e00000, 0x00000000e1680000)
  from space 1088K,  62% used [0x00000000e1680000, 0x00000000e17291d8, 0x00000000e1790000)
  to   space 1088K,   0% used [0x00000000e1790000, 0x00000000e1790000, 0x00000000e18a0000)
 tenured generation   total 21888K, used 7430K [0x00000000eb400000, 0x00000000ec960000, 0x0000000100000000)
   the space 21888K,  33% used [0x00000000eb400000, 0x00000000ebb41b70, 0x00000000ebb41c00, 0x00000000ec960000)
 Metaspace       used 17233K, capacity 17466K, committed 17792K, reserved 1064960K
  class space    used 2031K, capacity 2125K, committed 2176K, reserved 1048576K
}
Event: 258.269 GC heap before
{Heap before GC invocations=16 (full 0):
 def new generation   total 9792K, used 1835K [0x00000000e0e00000, 0x00000000e18a0000, 0x00000000eb400000)
  eden space 8704K,  13% used [0x00000000e0e00000, 0x00000000e0f21b88, 0x00000000e1680000)
  from space 1088K,  62% used [0x00000000e1680000, 0x00000000e17291d8, 0x00000000e1790000)
  to   space 1088K,   0% used [0x00000000e1790000, 0x00000000e1790000, 0x00000000e18a0000)
 tenured generation   total 21888K, used 7430K [0x00000000eb400000, 0x00000000ec960000, 0x0000000100000000)
   the space 21888K,  33% used [0x00000000eb400000, 0x00000000ebb41b70, 0x00000000ebb41c00, 0x00000000ec960000)
 Metaspace       used 17327K, capacity 17530K, committed 17792K, reserved 1064960K
  class space    used 2041K, capacity 2125K, committed 2176K, reserved 1048576K
Event: 258.349 GC heap after
Heap after GC invocations=17 (full 1):
 def new generation   total 9920K, used 0K [0x00000000e0e00000, 0x00000000e18c0000, 0x00000000eb400000)
  eden space 8832K,   0% used [0x00000000e0e00000, 0x00000000e0e00000, 0x00000000e16a0000)
  from space 1088K,   0% used [0x00000000e16a0000, 0x00000000e16a0000, 0x00000000e17b0000)
  to   space 1088K,   0% used [0x00000000e17b0000, 0x00000000e17b0000, 0x00000000e18c0000)
 tenured generation   total 21888K, used 6439K [0x00000000eb400000, 0x00000000ec960000, 0x0000000100000000)
   the space 21888K,  29% used [0x00000000eb400000, 0x00000000eba49c10, 0x00000000eba49e00, 0x00000000ec960000)
 Metaspace       used 17327K, capacity 17530K, committed 17792K, reserved 1064960K
  class space    used 2041K, capacity 2125K, committed 2176K, reserved 1048576K
}

