# JRE version: Java(TM) SE Runtime Environment (8.0_131-b11) (build 1.8.0_131-b11)
# Java VM: Java HotSpot(TM) 64-Bit Server VM (25.131-b11 mixed mode linux-amd64 compressed oops)
Heap:
 def new generation   total 9920K, used 0K [0x00000000e0e00000, 0x00000000e18c0000, 0x00000000eb400000)
  eden space 8832K,   0% used [0x00000000e0e00000, 0x00000000e0e00000, 0x00000000e16a0000)
  from space 1088K,   0% used [0x00000000e16a0000, 0x00000000e16a0000, 0x00000000e17b0000)
  to   space 1088K,   0% used [0x00000000e17b0000, 0x00000000e17b0000, 0x00000000e18c0000)
 tenured generation   total 21888K, used 6412K [0x00000000eb400000, 0x00000000ec960000, 0x0000000100000000)
   the space 21888K,  29% used [0x00000000eb400000, 0x00000000eba43220, 0x00000000eba43400, 0x00000000ec960000)
 Metaspace       used 17333K, capacity 17530K, committed 17792K, reserved 1064960K
  class space    used 2041K, capacity 2125K, committed 2176K, reserved 1048576K
GC Heap History (10 events):
Event: 8.149 GC heap before
{Heap before GC invocations=12 (full 0):
 def new generation   total 9792K, used 9470K [0x00000000e0e00000, 0x00000000e18a0000, 0x00000000eb400000)
  eden space 8704K, 100% used [0x00000000e0e00000, 0x00000000e1680000, 0x00000000e1680000)
  from space 1088K,  70% used [0x00000000e1680000, 0x00000000e173fbd0, 0x00000000e1790000)
  to   space 1088K,   0% used [0x00000000e1790000, 0x00000000e1790000, 0x00000000e18a0000)
 tenured generation   total 21888K, used 6590K [0x00000000eb400000, 0x00000000ec960000, 0x0000000100000000)
   the space 21888K,  30% used [0x00000000eb400000, 0x00000000eba6fbb8, 0x00000000eba6fc00, 0x00000000ec960000)
 Metaspace       used 16413K, capacity 16634K, committed 16896K, reserved 1064960K
  class space    used 1928K, capacity 1997K, committed 2048K, reserved 1048576K
Event: 8.155 GC heap after
Heap after GC invocations=13 (full 0):
 def new generation   total 9792K, used 429K [0x00000000e0e00000, 0x00000000e18a0000, 0x00000000eb400000)
  eden space 8704K,   0% used [0x00000000e0e00000, 0x00000000e0e00000, 0x00000000e1680000)
  from space 1088K,  39% used [0x00000000e1790000, 0x00000000e17fb6c0, 0x00000000e18a0000)
  to   space 1088K,   0% used [0x00000000e1680000, 0x00000000e1680000, 0x00000000e1790000)
 tenured generation   total 21888K, used 7266K [0x00000000eb400000, 0x00000000ec960000, 0x0000000100000000)
   the space 21888K,  33% used [0x00000000eb400000, 0x00000000ebb18a88, 0x00000000ebb18c00, 0x00000000ec960000)
 Metaspace       used 16413K, capacity 16634K, committed 16896K, reserved 1064960K
  class space    used 1928K, capacity 1997K, committed 2048K, reserved 1048576K
}
Event: 8.362 GC heap before
{Heap before GC invocations=13 (full 0):
 def new generation   total 9792K, used 9133K [0x00000000e0e00000, 0x00000000e18a0000, 0x00000000eb400000)
  eden space 8704K, 100% used [0x00000000e0e00000, 0x00000000e1680000, 0x00000000e1680000)
  from space 1088K,  39% used [0x00000000e1790000, 0x00000000e17fb6c0, 0x00000000e18a0000)
  to   space 1088K,   0% used [0x00000000e1680000, 0x00000000e1680000, 0x00000000e1790000)
 tenured generation   total 21888K, used 7266K [0x00000000eb400000, 0x00000000ec960000, 0x0000000100000000)
   the space 21888K,  33% used [0x00000000eb400000, 0x00000000ebb18a88, 0x00000000ebb18c00, 0x00000000ec960000)
 Metaspace       used 16543K, capacity 16794K, committed 16896K, reserved 1064960K
  class space    used 1943K, capacity 2029K, committed 2048K, reserved 1048576K
Event: 8.365 GC heap after
Heap after GC invocations=14 (full 0):
 def new generation   total 9792K, used 661K [0x00000000e0e00000, 0x00000000e18a0000, 0x00000000eb400000)
  eden space 8704K,   0% used [0x00000000e0e00000, 0x00000000e0e00000, 0x00000000e1680000)
  from space 1088K,  60% used [0x00000000e1680000, 0x00000000e1725480, 0x00000000e1790000)
  to   space 1088K,   0% used [0x00000000e1790000, 0x00000000e1790000, 0x00000000e18a0000)
 tenured generation   total 21888K, used 7266K [0x00000000eb400000, 0x00000000ec960000, 0x0000000100000000)
   the space 21888K,  33% used [0x00000000eb400000, 0x00000000ebb18a88, 0x00000000ebb18c00, 0x00000000ec960000)
 Metaspace       used 16543K, capacity 16794K, committed 16896K, reserved 1064960K
  class space    used 1943K, capacity 2029K, committed 2048K, reserved 1048576K
}
Event: 8.793 GC heap before
{Heap before GC invocations=14 (full 0):
 def new generation   total 9792K, used 9365K [0x00000000e0e00000, 0x00000000e18a0000, 0x00000000eb400000)
  eden space 8704K, 100% used [0x00000000e0e00000, 0x00000000e1680000, 0x00000000e1680000)
  from space 1088K,  60% used [0x00000000e1680000, 0x00000000e1725480, 0x00000000e1790000)
  to   space 1088K,   0% used [0x00000000e1790000, 0x00000000e1790000, 0x00000000e18a0000)
 tenured generation   total 21888K, used 7266K [0x00000000eb400000, 0x00000000ec960000, 0x0000000100000000)
   the space 21888K,  33% used [0x00000000eb400000, 0x00000000ebb18a88, 0x00000000ebb18c00, 0x00000000ec960000)
 Metaspace       used 16810K, capacity 17082K, committed 17280K, reserved 1064960K
  class space    used 1975K, capacity 2061K, committed 2176K, reserved 1048576K
Event: 8.796 GC heap after
Heap after GC invocations=15 (full 0):
 def new generation   total 9792K, used 521K [0x00000000e0e00000, 0x00000000e18a0000, 0x00000000eb400000)
  eden space 8704K,   0% used [0x00000000e0e00000, 0x00000000e0e00000, 0x00000000e1680000)
  from space 1088K,  47% used [0x00000000e1790000, 0x00000000e1812788, 0x00000000e18a0000)
  to   space 1088K,   0% used [0x00000000e1680000, 0x00000000e1680000, 0x00000000e1790000)
 tenured generation   total 21888K, used 7408K [0x00000000eb400000, 0x00000000ec960000, 0x0000000100000000)
   the space 21888K,  33% used [0x00000000eb400000, 0x00000000ebb3c328, 0x00000000ebb3c400, 0x00000000ec960000)
 Metaspace       used 16810K, capacity 17082K, committed 17280K, reserved 1064960K
  class space    used 1975K, capacity 2061K, committed 2176K, reserved 1048576K
}
Event: 9.436 GC heap before
{Heap before GC invocations=15 (full 0):
 def new generation   total 9792K, used 9225K [0x00000000e0e00000, 0x00000000e18a0000, 0x00000000eb400000)
  eden space 8704K, 100% used [0x00000000e0e00000, 0x00000000e1680000, 0x00000000e1680000)
  from space 1088K,  47% used [0x00000000e1790000, 0x00000000e1812788, 0x00000000e18a0000)
  to   space 1088K,   0% used [0x00000000e1680000, 0x00000000e1680000, 0x00000000e1790000)
 tenured generation   total 21888K, used 7408K [0x00000000eb400000, 0x00000000ec960000, 0x0000000100000000)
   the space 21888K,  33% used [0x00000000eb400000, 0x00000000ebb3c328, 0x00000000ebb3c400, 0x00000000ec960000)
 Metaspace       used 17238K, capacity 17466K, committed 17792K, reserved 1064960K
  class space    used 2031K, capacity 2125K, committed 2176K, reserved 1048576K
Event: 9.439 GC heap after
Heap after GC invocations=16 (full 0):
 def new generation   total 9792K, used 679K [0x00000000e0e00000, 0x00000000e18a0000, 0x00000000eb400000)
  eden space 8704K,   0% used [0x00000000e0e00000, 0x00000000e0e00000, 0x00000000e1680000)
  from space 1088K,  62% used [0x00000000e1680000, 0x00000000e1729e70, 0x00000000e1790000)
  to   space 1088K,   0% used [0x00000000e1790000, 0x00000000e1790000, 0x00000000e18a0000)
 tenured generation   total 21888K, used 7408K [0x00000000eb400000, 0x00000000ec960000, 0x0000000100000000)
   the space 21888K,  33% used [0x00000000eb400000, 0x00000000ebb3c328, 0x00000000ebb3c400, 0x00000000ec960000)
 Metaspace       used 17238K, capacity 17466K, committed 17792K, reserved 1064960K
  class space    used 2031K, capacity 2125K, committed 2176K, reserved 1048576K
}
Event: 9.509 GC heap before
{Heap before GC invocations=16 (full 0):
 def new generation   total 9792K, used 1844K [0x00000000e0e00000, 0x00000000e18a0000, 0x00000000eb400000)
  eden space 8704K,  13% used [0x00000000e0e00000, 0x00000000e0f234c0, 0x00000000e1680000)
  from space 1088K,  62% used [0x00000000e1680000, 0x00000000e1729e70, 0x00000000e1790000)
  to   space 1088K,   0% used [0x00000000e1790000, 0x00000000e1790000, 0x00000000e18a0000)
 tenured generation   total 21888K, used 7408K [0x00000000eb400000, 0x00000000ec960000, 0x0000000100000000)
   the space 21888K,  33% used [0x00000000eb400000, 0x00000000ebb3c328, 0x00000000ebb3c400, 0x00000000ec960000)
 Metaspace       used 17333K, capacity 17530K, committed 17792K, reserved 1064960K
  class space    used 2041K, capacity 2125K, committed 2176K, reserved 1048576K
Event: 9.651 GC heap after
Heap after GC invocations=17 (full 1):
 def new generation   total 9920K, used 0K [0x00000000e0e00000, 0x00000000e18c0000, 0x00000000eb400000)
  eden space 8832K,   0% used [0x00000000e0e00000, 0x00000000e0e00000, 0x00000000e16a0000)
  from space 1088K,   0% used [0x00000000e16a0000, 0x00000000e16a0000, 0x00000000e17b0000)
  to   space 1088K,   0% used [0x00000000e17b0000, 0x00000000e17b0000, 0x00000000e18c0000)
 tenured generation   total 21888K, used 6412K [0x00000000eb400000, 0x00000000ec960000, 0x0000000100000000)
   the space 21888K,  29% used [0x00000000eb400000, 0x00000000eba43220, 0x00000000eba43400, 0x00000000ec960000)
 Metaspace       used 17333K, capacity 17530K, committed 17792K, reserved 1064960K
  class space    used 2041K, capacity 2125K, committed 2176K, reserved 1048576K
}

