# JRE version: Java(TM) SE Runtime Environment (8.0_131-b11) (build 1.8.0_131-b11)
# Java VM: Java HotSpot(TM) 64-Bit Server VM (25.131-b11 mixed mode linux-amd64 compressed oops)
Heap:
 def new generation   total 9920K, used 0K [0x00000000e0e00000, 0x00000000e18c0000, 0x00000000eb400000)
  eden space 8832K,   0% used [0x00000000e0e00000, 0x00000000e0e00000, 0x00000000e16a0000)
  from space 1088K,   0% used [0x00000000e16a0000, 0x00000000e16a0000, 0x00000000e17b0000)
  to   space 1088K,   0% used [0x00000000e17b0000, 0x00000000e17b0000, 0x00000000e18c0000)
 tenured generation   total 21888K, used 6508K [0x00000000eb400000, 0x00000000ec960000, 0x0000000100000000)
   the space 21888K,  29% used [0x00000000eb400000, 0x00000000eba5b0a0, 0x00000000eba5b200, 0x00000000ec960000)
 Metaspace       used 17338K, capacity 17530K, committed 17792K, reserved 1064960K
  class space    used 2041K, capacity 2125K, committed 2176K, reserved 1048576K
GC Heap History (10 events):
Event: 18.139 GC heap before
{Heap before GC invocations=12 (full 0):
 def new generation   total 9792K, used 9539K [0x00000000e0e00000, 0x00000000e18a0000, 0x00000000eb400000)
  eden space 8704K, 100% used [0x00000000e0e00000, 0x00000000e1680000, 0x00000000e1680000)
  from space 1088K,  76% used [0x00000000e1680000, 0x00000000e1750ed0, 0x00000000e1790000)
  to   space 1088K,   0% used [0x00000000e1790000, 0x00000000e1790000, 0x00000000e18a0000)
 tenured generation   total 21888K, used 6331K [0x00000000eb400000, 0x00000000ec960000, 0x0000000100000000)
   the space 21888K,  28% used [0x00000000eb400000, 0x00000000eba2edf0, 0x00000000eba2ee00, 0x00000000ec960000)
 Metaspace       used 16525K, capacity 16794K, committed 16896K, reserved 1064960K
  class space    used 1942K, capacity 2029K, committed 2048K, reserved 1048576K
Event: 18.244 GC heap after
Heap after GC invocations=13 (full 0):
 def new generation   total 9792K, used 486K [0x00000000e0e00000, 0x00000000e18a0000, 0x00000000eb400000)
  eden space 8704K,   0% used [0x00000000e0e00000, 0x00000000e0e00000, 0x00000000e1680000)
  from space 1088K,  44% used [0x00000000e1790000, 0x00000000e1809b28, 0x00000000e18a0000)
  to   space 1088K,   0% used [0x00000000e1680000, 0x00000000e1680000, 0x00000000e1790000)
 tenured generation   total 21888K, used 6843K [0x00000000eb400000, 0x00000000ec960000, 0x0000000100000000)
   the space 21888K,  31% used [0x00000000eb400000, 0x00000000ebaaeed8, 0x00000000ebaaf000, 0x00000000ec960000)
 Metaspace       used 16525K, capacity 16794K, committed 16896K, reserved 1064960K
  class space    used 1942K, capacity 2029K, committed 2048K, reserved 1048576K
}
Event: 18.689 GC heap before
{Heap before GC invocations=13 (full 0):
 def new generation   total 9792K, used 9190K [0x00000000e0e00000, 0x00000000e18a0000, 0x00000000eb400000)
  eden space 8704K, 100% used [0x00000000e0e00000, 0x00000000e1680000, 0x00000000e1680000)
  from space 1088K,  44% used [0x00000000e1790000, 0x00000000e1809b28, 0x00000000e18a0000)
  to   space 1088K,   0% used [0x00000000e1680000, 0x00000000e1680000, 0x00000000e1790000)
 tenured generation   total 21888K, used 6843K [0x00000000eb400000, 0x00000000ec960000, 0x0000000100000000)
   the space 21888K,  31% used [0x00000000eb400000, 0x00000000ebaaeed8, 0x00000000ebaaf000, 0x00000000ec960000)
 Metaspace       used 16536K, capacity 16794K, committed 16896K, reserved 1064960K
  class space    used 1942K, capacity 2029K, committed 2048K, reserved 1048576K
Event: 18.718 GC heap after
Heap after GC invocations=14 (full 0):
 def new generation   total 9792K, used 234K [0x00000000e0e00000, 0x00000000e18a0000, 0x00000000eb400000)
  eden space 8704K,   0% used [0x00000000e0e00000, 0x00000000e0e00000, 0x00000000e1680000)
  from space 1088K,  21% used [0x00000000e1680000, 0x00000000e16baa58, 0x00000000e1790000)
  to   space 1088K,   0% used [0x00000000e1790000, 0x00000000e1790000, 0x00000000e18a0000)
 tenured generation   total 21888K, used 6843K [0x00000000eb400000, 0x00000000ec960000, 0x0000000100000000)
   the space 21888K,  31% used [0x00000000eb400000, 0x00000000ebaaeed8, 0x00000000ebaaf000, 0x00000000ec960000)
 Metaspace       used 16536K, capacity 16794K, committed 16896K, reserved 1064960K
  class space    used 1942K, capacity 2029K, committed 2048K, reserved 1048576K
}
Event: 19.110 GC heap before
{Heap before GC invocations=14 (full 0):
 def new generation   total 9792K, used 8938K [0x00000000e0e00000, 0x00000000e18a0000, 0x00000000eb400000)
  eden space 8704K, 100% used [0x00000000e0e00000, 0x00000000e1680000, 0x00000000e1680000)
  from space 1088K,  21% used [0x00000000e1680000, 0x00000000e16baa58, 0x00000000e1790000)
  to   space 1088K,   0% used [0x00000000e1790000, 0x00000000e1790000, 0x00000000e18a0000)
 tenured generation   total 21888K, used 6843K [0x00000000eb400000, 0x00000000ec960000, 0x0000000100000000)
   the space 21888K,  31% used [0x00000000eb400000, 0x00000000ebaaeed8, 0x00000000ebaaf000, 0x00000000ec960000)
 Metaspace       used 16645K, capacity 16858K, committed 17152K, reserved 1064960K
  class space    used 1955K, capacity 2029K, committed 2048K, reserved 1048576K
Event: 19.123 GC heap after
Heap after GC invocations=15 (full 0):
 def new generation   total 9792K, used 305K [0x00000000e0e00000, 0x00000000e18a0000, 0x00000000eb400000)
  eden space 8704K,   0% used [0x00000000e0e00000, 0x00000000e0e00000, 0x00000000e1680000)
  from space 1088K,  28% used [0x00000000e1790000, 0x00000000e17dc428, 0x00000000e18a0000)
  to   space 1088K,   0% used [0x00000000e1680000, 0x00000000e1680000, 0x00000000e1790000)
 tenured generation   total 21888K, used 6843K [0x00000000eb400000, 0x00000000ec960000, 0x0000000100000000)
   the space 21888K,  31% used [0x00000000eb400000, 0x00000000ebaaeed8, 0x00000000ebaaf000, 0x00000000ec960000)
 Metaspace       used 16645K, capacity 16858K, committed 17152K, reserved 1064960K
  class space    used 1955K, capacity 2029K, committed 2048K, reserved 1048576K
}
Event: 19.863 GC heap before
{Heap before GC invocations=15 (full 0):
 def new generation   total 9792K, used 9008K [0x00000000e0e00000, 0x00000000e18a0000, 0x00000000eb400000)
  eden space 8704K,  99% used [0x00000000e0e00000, 0x00000000e167fea0, 0x00000000e1680000)
  from space 1088K,  28% used [0x00000000e1790000, 0x00000000e17dc428, 0x00000000e18a0000)
  to   space 1088K,   0% used [0x00000000e1680000, 0x00000000e1680000, 0x00000000e1790000)
 tenured generation   total 21888K, used 6843K [0x00000000eb400000, 0x00000000ec960000, 0x0000000100000000)
   the space 21888K,  31% used [0x00000000eb400000, 0x00000000ebaaeed8, 0x00000000ebaaf000, 0x00000000ec960000)
 Metaspace       used 16814K, capacity 17082K, committed 17280K, reserved 1064960K
  class space    used 1974K, capacity 2061K, committed 2176K, reserved 1048576K
Event: 19.904 GC heap after
Heap after GC invocations=16 (full 0):
 def new generation   total 9792K, used 793K [0x00000000e0e00000, 0x00000000e18a0000, 0x00000000eb400000)
  eden space 8704K,   0% used [0x00000000e0e00000, 0x00000000e0e00000, 0x00000000e1680000)
  from space 1088K,  72% used [0x00000000e1680000, 0x00000000e1746490, 0x00000000e1790000)
  to   space 1088K,   0% used [0x00000000e1790000, 0x00000000e1790000, 0x00000000e18a0000)
 tenured generation   total 21888K, used 6843K [0x00000000eb400000, 0x00000000ec960000, 0x0000000100000000)
   the space 21888K,  31% used [0x00000000eb400000, 0x00000000ebaaeed8, 0x00000000ebaaf000, 0x00000000ec960000)
 Metaspace       used 16814K, capacity 17082K, committed 17280K, reserved 1064960K
  class space    used 1974K, capacity 2061K, committed 2176K, reserved 1048576K
}
Event: 22.097 GC heap before
{Heap before GC invocations=16 (full 0):
 def new generation   total 9792K, used 9049K [0x00000000e0e00000, 0x00000000e18a0000, 0x00000000eb400000)
  eden space 8704K,  94% used [0x00000000e0e00000, 0x00000000e1610220, 0x00000000e1680000)
  from space 1088K,  72% used [0x00000000e1680000, 0x00000000e1746490, 0x00000000e1790000)
  to   space 1088K,   0% used [0x00000000e1790000, 0x00000000e1790000, 0x00000000e18a0000)
 tenured generation   total 21888K, used 6843K [0x00000000eb400000, 0x00000000ec960000, 0x0000000100000000)
   the space 21888K,  31% used [0x00000000eb400000, 0x00000000ebaaeed8, 0x00000000ebaaf000, 0x00000000ec960000)
 Metaspace       used 17338K, capacity 17530K, committed 17792K, reserved 1064960K
  class space    used 2041K, capacity 2125K, committed 2176K, reserved 1048576K
Event: 22.488 GC heap after
Heap after GC invocations=17 (full 1):
 def new generation   total 9920K, used 0K [0x00000000e0e00000, 0x00000000e18c0000, 0x00000000eb400000)
  eden space 8832K,   0% used [0x00000000e0e00000, 0x00000000e0e00000, 0x00000000e16a0000)
  from space 1088K,   0% used [0x00000000e16a0000, 0x00000000e16a0000, 0x00000000e17b0000)
  to   space 1088K,   0% used [0x00000000e17b0000, 0x00000000e17b0000, 0x00000000e18c0000)
 tenured generation   total 21888K, used 6508K [0x00000000eb400000, 0x00000000ec960000, 0x0000000100000000)
   the space 21888K,  29% used [0x00000000eb400000, 0x00000000eba5b0a0, 0x00000000eba5b200, 0x00000000ec960000)
 Metaspace       used 17338K, capacity 17530K, committed 17792K, reserved 1064960K
  class space    used 2041K, capacity 2125K, committed 2176K, reserved 1048576K
}

