# JRE version: Java(TM) SE Runtime Environment (8.0_131-b11) (build 1.8.0_131-b11)
# Java VM: Java HotSpot(TM) 64-Bit Server VM (25.131-b11 mixed mode linux-amd64 compressed oops)
Heap:
 def new generation   total 9920K, used 0K [0x00000000e0e00000, 0x00000000e18c0000, 0x00000000eb400000)
  eden space 8832K,   0% used [0x00000000e0e00000, 0x00000000e0e00000, 0x00000000e16a0000)
  from space 1088K,   0% used [0x00000000e17b0000, 0x00000000e17b0000, 0x00000000e18c0000)
  to   space 1088K,   0% used [0x00000000e16a0000, 0x00000000e16a0000, 0x00000000e17b0000)
 tenured generation   total 124292K, used 6543K [0x00000000eb400000, 0x00000000f2d61000, 0x0000000100000000)
   the space 124292K,   5% used [0x00000000eb400000, 0x00000000eba63f50, 0x00000000eba64000, 0x00000000f2d61000)
 Metaspace       used 17712K, capacity 17950K, committed 18048K, reserved 1064960K
  class space    used 2077K, capacity 2161K, committed 2176K, reserved 1048576K
GC Heap History (10 events):
Event: 13.811 GC heap after
Heap after GC invocations=204 (full 1):
 def new generation   total 9920K, used 0K [0x00000000e0e00000, 0x00000000e18c0000, 0x00000000eb400000)
  eden space 8832K,   0% used [0x00000000e0e00000, 0x00000000e0e00000, 0x00000000e16a0000)
  from space 1088K,   0% used [0x00000000e16a0000, 0x00000000e16a00f0, 0x00000000e17b0000)
  to   space 1088K,   0% used [0x00000000e17b0000, 0x00000000e17b0000, 0x00000000e18c0000)
 tenured generation   total 124292K, used 109211K [0x00000000eb400000, 0x00000000f2d61000, 0x0000000100000000)
   the space 124292K,  87% used [0x00000000eb400000, 0x00000000f1ea6db8, 0x00000000f1ea6e00, 0x00000000f2d61000)
 Metaspace       used 17614K, capacity 17886K, committed 18048K, reserved 1064960K
  class space    used 2073K, capacity 2161K, committed 2176K, reserved 1048576K
}
Event: 13.819 GC heap before
{Heap before GC invocations=204 (full 1):
 def new generation   total 9920K, used 8832K [0x00000000e0e00000, 0x00000000e18c0000, 0x00000000eb400000)
  eden space 8832K, 100% used [0x00000000e0e00000, 0x00000000e16a0000, 0x00000000e16a0000)
  from space 1088K,   0% used [0x00000000e16a0000, 0x00000000e16a00f0, 0x00000000e17b0000)
  to   space 1088K,   0% used [0x00000000e17b0000, 0x00000000e17b0000, 0x00000000e18c0000)
 tenured generation   total 124292K, used 109211K [0x00000000eb400000, 0x00000000f2d61000, 0x0000000100000000)
   the space 124292K,  87% used [0x00000000eb400000, 0x00000000f1ea6db8, 0x00000000f1ea6e00, 0x00000000f2d61000)
 Metaspace       used 17614K, capacity 17886K, committed 18048K, reserved 1064960K
  class space    used 2073K, capacity 2161K, committed 2176K, reserved 1048576K
Event: 13.820 GC heap after
Heap after GC invocations=205 (full 1):
 def new generation   total 9920K, used 0K [0x00000000e0e00000, 0x00000000e18c0000, 0x00000000eb400000)
  eden space 8832K,   0% used [0x00000000e0e00000, 0x00000000e0e00000, 0x00000000e16a0000)
  from space 1088K,   0% used [0x00000000e17b0000, 0x00000000e17b0110, 0x00000000e18c0000)
  to   space 1088K,   0% used [0x00000000e16a0000, 0x00000000e16a0000, 0x00000000e17b0000)
 tenured generation   total 124292K, used 109211K [0x00000000eb400000, 0x00000000f2d61000, 0x0000000100000000)
   the space 124292K,  87% used [0x00000000eb400000, 0x00000000f1ea6db8, 0x00000000f1ea6e00, 0x00000000f2d61000)
 Metaspace       used 17614K, capacity 17886K, committed 18048K, reserved 1064960K
  class space    used 2073K, capacity 2161K, committed 2176K, reserved 1048576K
}
Event: 13.827 GC heap before
{Heap before GC invocations=205 (full 1):
 def new generation   total 9920K, used 8832K [0x00000000e0e00000, 0x00000000e18c0000, 0x00000000eb400000)
  eden space 8832K, 100% used [0x00000000e0e00000, 0x00000000e16a0000, 0x00000000e16a0000)
  from space 1088K,   0% used [0x00000000e17b0000, 0x00000000e17b0110, 0x00000000e18c0000)
  to   space 1088K,   0% used [0x00000000e16a0000, 0x00000000e16a0000, 0x00000000e17b0000)
 tenured generation   total 124292K, used 109211K [0x00000000eb400000, 0x00000000f2d61000, 0x0000000100000000)
   the space 124292K,  87% used [0x00000000eb400000, 0x00000000f1ea6db8, 0x00000000f1ea6e00, 0x00000000f2d61000)
 Metaspace       used 17614K, capacity 17886K, committed 18048K, reserved 1064960K
  class space    used 2073K, capacity 2161K, committed 2176K, reserved 1048576K
Event: 13.828 GC heap after
Heap after GC invocations=206 (full 1):
 def new generation   total 9920K, used 0K [0x00000000e0e00000, 0x00000000e18c0000, 0x00000000eb400000)
  eden space 8832K,   0% used [0x00000000e0e00000, 0x00000000e0e00000, 0x00000000e16a0000)
  from space 1088K,   0% used [0x00000000e16a0000, 0x00000000e16a0118, 0x00000000e17b0000)
  to   space 1088K,   0% used [0x00000000e17b0000, 0x00000000e17b0000, 0x00000000e18c0000)
 tenured generation   total 124292K, used 109211K [0x00000000eb400000, 0x00000000f2d61000, 0x0000000100000000)
   the space 124292K,  87% used [0x00000000eb400000, 0x00000000f1ea6db8, 0x00000000f1ea6e00, 0x00000000f2d61000)
 Metaspace       used 17614K, capacity 17886K, committed 18048K, reserved 1064960K
  class space    used 2073K, capacity 2161K, committed 2176K, reserved 1048576K
}
Event: 13.835 GC heap before
{Heap before GC invocations=206 (full 1):
 def new generation   total 9920K, used 8832K [0x00000000e0e00000, 0x00000000e18c0000, 0x00000000eb400000)
  eden space 8832K, 100% used [0x00000000e0e00000, 0x00000000e16a0000, 0x00000000e16a0000)
  from space 1088K,   0% used [0x00000000e16a0000, 0x00000000e16a0118, 0x00000000e17b0000)
  to   space 1088K,   0% used [0x00000000e17b0000, 0x00000000e17b0000, 0x00000000e18c0000)
 tenured generation   total 124292K, used 109211K [0x00000000eb400000, 0x00000000f2d61000, 0x0000000100000000)
   the space 124292K,  87% used [0x00000000eb400000, 0x00000000f1ea6db8, 0x00000000f1ea6e00, 0x00000000f2d61000)
 Metaspace       used 17614K, capacity 17886K, committed 18048K, reserved 1064960K
  class space    used 2073K, capacity 2161K, committed 2176K, reserved 1048576K
Event: 13.836 GC heap after
Heap after GC invocations=207 (full 1):
 def new generation   total 9920K, used 0K [0x00000000e0e00000, 0x00000000e18c0000, 0x00000000eb400000)
  eden space 8832K,   0% used [0x00000000e0e00000, 0x00000000e0e00000, 0x00000000e16a0000)
  from space 1088K,   0% used [0x00000000e17b0000, 0x00000000e17b0120, 0x00000000e18c0000)
  to   space 1088K,   0% used [0x00000000e16a0000, 0x00000000e16a0000, 0x00000000e17b0000)
 tenured generation   total 124292K, used 109211K [0x00000000eb400000, 0x00000000f2d61000, 0x0000000100000000)
   the space 124292K,  87% used [0x00000000eb400000, 0x00000000f1ea6db8, 0x00000000f1ea6e00, 0x00000000f2d61000)
 Metaspace       used 17614K, capacity 17886K, committed 18048K, reserved 1064960K
  class space    used 2073K, capacity 2161K, committed 2176K, reserved 1048576K
}
Event: 13.843 GC heap before
{Heap before GC invocations=207 (full 1):
 def new generation   total 9920K, used 8832K [0x00000000e0e00000, 0x00000000e18c0000, 0x00000000eb400000)
  eden space 8832K, 100% used [0x00000000e0e00000, 0x00000000e16a0000, 0x00000000e16a0000)
  from space 1088K,   0% used [0x00000000e17b0000, 0x00000000e17b0120, 0x00000000e18c0000)
  to   space 1088K,   0% used [0x00000000e16a0000, 0x00000000e16a0000, 0x00000000e17b0000)
 tenured generation   total 124292K, used 109211K [0x00000000eb400000, 0x00000000f2d61000, 0x0000000100000000)
   the space 124292K,  87% used [0x00000000eb400000, 0x00000000f1ea6db8, 0x00000000f1ea6e00, 0x00000000f2d61000)
 Metaspace       used 17614K, capacity 17886K, committed 18048K, reserved 1064960K
  class space    used 2073K, capacity 2161K, committed 2176K, reserved 1048576K
Event: 13.844 GC heap after
Heap after GC invocations=208 (full 1):
 def new generation   total 9920K, used 0K [0x00000000e0e00000, 0x00000000e18c0000, 0x00000000eb400000)
  eden space 8832K,   0% used [0x00000000e0e00000, 0x00000000e0e00000, 0x00000000e16a0000)
  from space 1088K,   0% used [0x00000000e16a0000, 0x00000000e16a00f8, 0x00000000e17b0000)
  to   space 1088K,   0% used [0x00000000e17b0000, 0x00000000e17b0000, 0x00000000e18c0000)
 tenured generation   total 124292K, used 109211K [0x00000000eb400000, 0x00000000f2d61000, 0x0000000100000000)
   the space 124292K,  87% used [0x00000000eb400000, 0x00000000f1ea6db8, 0x00000000f1ea6e00, 0x00000000f2d61000)
 Metaspace       used 17614K, capacity 17886K, committed 18048K, reserved 1064960K
  class space    used 2073K, capacity 2161K, committed 2176K, reserved 1048576K
}
Event: 14.117 GC heap before
{Heap before GC invocations=208 (full 1):
 def new generation   total 9920K, used 5920K [0x00000000e0e00000, 0x00000000e18c0000, 0x00000000eb400000)
  eden space 8832K,  67% used [0x00000000e0e00000, 0x00000000e13c8210, 0x00000000e16a0000)
  from space 1088K,   0% used [0x00000000e16a0000, 0x00000000e16a00f8, 0x00000000e17b0000)
  to   space 1088K,   0% used [0x00000000e17b0000, 0x00000000e17b0000, 0x00000000e18c0000)
 tenured generation   total 124292K, used 109211K [0x00000000eb400000, 0x00000000f2d61000, 0x0000000100000000)
   the space 124292K,  87% used [0x00000000eb400000, 0x00000000f1ea6db8, 0x00000000f1ea6e00, 0x00000000f2d61000)
 Metaspace       used 17712K, capacity 17950K, committed 18048K, reserved 1064960K
  class space    used 2077K, capacity 2161K, committed 2176K, reserved 1048576K

