# JRE version: Java(TM) SE Runtime Environment (8.0_131-b11) (build 1.8.0_131-b11)
# Java VM: Java HotSpot(TM) 64-Bit Server VM (25.131-b11 mixed mode linux-amd64 compressed oops)
Heap:
 def new generation   total 9920K, used 0K [0x00000000e0e00000, 0x00000000e18c0000, 0x00000000eb400000)
  eden space 8832K,   0% used [0x00000000e0e00000, 0x00000000e0e00000, 0x00000000e16a0000)
  from space 1088K,   0% used [0x00000000e16a0000, 0x00000000e16a0000, 0x00000000e17b0000)
  to   space 1088K,   0% used [0x00000000e17b0000, 0x00000000e17b0000, 0x00000000e18c0000)
 tenured generation   total 21888K, used 11465K [0x00000000eb400000, 0x00000000ec960000, 0x0000000100000000)
   the space 21888K,  52% used [0x00000000eb400000, 0x00000000ebf324c0, 0x00000000ebf32600, 0x00000000ec960000)
 Metaspace       used 17458K, capacity 17694K, committed 17792K, reserved 1064960K
  class space    used 2046K, capacity 2131K, committed 2176K, reserved 1048576K
GC Heap History (10 events):
Event: 14.778 GC heap before
{Heap before GC invocations=14 (full 0):
 def new generation   total 9792K, used 9733K [0x00000000e0e00000, 0x00000000e18a0000, 0x00000000eb400000)
  eden space 8704K, 100% used [0x00000000e0e00000, 0x00000000e1680000, 0x00000000e1680000)
  from space 1088K,  94% used [0x00000000e1680000, 0x00000000e1781788, 0x00000000e1790000)
  to   space 1088K,   0% used [0x00000000e1790000, 0x00000000e1790000, 0x00000000e18a0000)
 tenured generation   total 21888K, used 6963K [0x00000000eb400000, 0x00000000ec960000, 0x0000000100000000)
   the space 21888K,  31% used [0x00000000eb400000, 0x00000000ebaccd80, 0x00000000ebacce00, 0x00000000ec960000)
 Metaspace       used 16652K, capacity 16894K, committed 17152K, reserved 1064960K
  class space    used 1947K, capacity 2035K, committed 2048K, reserved 1048576K
Event: 14.790 GC heap after
Heap after GC invocations=15 (full 0):
 def new generation   total 9792K, used 499K [0x00000000e0e00000, 0x00000000e18a0000, 0x00000000eb400000)
  eden space 8704K,   0% used [0x00000000e0e00000, 0x00000000e0e00000, 0x00000000e1680000)
  from space 1088K,  45% used [0x00000000e1790000, 0x00000000e180cf38, 0x00000000e18a0000)
  to   space 1088K,   0% used [0x00000000e1680000, 0x00000000e1680000, 0x00000000e1790000)
 tenured generation   total 21888K, used 7419K [0x00000000eb400000, 0x00000000ec960000, 0x0000000100000000)
   the space 21888K,  33% used [0x00000000eb400000, 0x00000000ebb3edf8, 0x00000000ebb3ee00, 0x00000000ec960000)
 Metaspace       used 16652K, capacity 16894K, committed 17152K, reserved 1064960K
  class space    used 1947K, capacity 2035K, committed 2048K, reserved 1048576K
}
Event: 15.106 GC heap before
{Heap before GC invocations=15 (full 0):
 def new generation   total 9792K, used 9203K [0x00000000e0e00000, 0x00000000e18a0000, 0x00000000eb400000)
  eden space 8704K, 100% used [0x00000000e0e00000, 0x00000000e1680000, 0x00000000e1680000)
  from space 1088K,  45% used [0x00000000e1790000, 0x00000000e180cf38, 0x00000000e18a0000)
  to   space 1088K,   0% used [0x00000000e1680000, 0x00000000e1680000, 0x00000000e1790000)
 tenured generation   total 21888K, used 7419K [0x00000000eb400000, 0x00000000ec960000, 0x0000000100000000)
   the space 21888K,  33% used [0x00000000eb400000, 0x00000000ebb3edf8, 0x00000000ebb3ee00, 0x00000000ec960000)
 Metaspace       used 16662K, capacity 16894K, committed 17152K, reserved 1064960K
  class space    used 1947K, capacity 2035K, committed 2048K, reserved 1048576K
Event: 15.108 GC heap after
Heap after GC invocations=16 (full 0):
 def new generation   total 9792K, used 291K [0x00000000e0e00000, 0x00000000e18a0000, 0x00000000eb400000)
  eden space 8704K,   0% used [0x00000000e0e00000, 0x00000000e0e00000, 0x00000000e1680000)
  from space 1088K,  26% used [0x00000000e1680000, 0x00000000e16c8ce8, 0x00000000e1790000)
  to   space 1088K,   0% used [0x00000000e1790000, 0x00000000e1790000, 0x00000000e18a0000)
 tenured generation   total 21888K, used 7419K [0x00000000eb400000, 0x00000000ec960000, 0x0000000100000000)
   the space 21888K,  33% used [0x00000000eb400000, 0x00000000ebb3edf8, 0x00000000ebb3ee00, 0x00000000ec960000)
 Metaspace       used 16662K, capacity 16894K, committed 17152K, reserved 1064960K
  class space    used 1947K, capacity 2035K, committed 2048K, reserved 1048576K
}
Event: 15.871 GC heap before
{Heap before GC invocations=16 (full 0):
 def new generation   total 9792K, used 8995K [0x00000000e0e00000, 0x00000000e18a0000, 0x00000000eb400000)
  eden space 8704K, 100% used [0x00000000e0e00000, 0x00000000e1680000, 0x00000000e1680000)
  from space 1088K,  26% used [0x00000000e1680000, 0x00000000e16c8ce8, 0x00000000e1790000)
  to   space 1088K,   0% used [0x00000000e1790000, 0x00000000e1790000, 0x00000000e18a0000)
 tenured generation   total 21888K, used 7419K [0x00000000eb400000, 0x00000000ec960000, 0x0000000100000000)
   the space 21888K,  33% used [0x00000000eb400000, 0x00000000ebb3edf8, 0x00000000ebb3ee00, 0x00000000ec960000)
 Metaspace       used 16901K, capacity 17150K, committed 17408K, reserved 1064960K
  class space    used 1971K, capacity 2035K, committed 2048K, reserved 1048576K
Event: 15.901 GC heap after
Heap after GC invocations=17 (full 0):
 def new generation   total 9792K, used 1087K [0x00000000e0e00000, 0x00000000e18a0000, 0x00000000eb400000)
  eden space 8704K,   0% used [0x00000000e0e00000, 0x00000000e0e00000, 0x00000000e1680000)
  from space 1088K,  99% used [0x00000000e1790000, 0x00000000e189fff8, 0x00000000e18a0000)
  to   space 1088K,   0% used [0x00000000e1680000, 0x00000000e1680000, 0x00000000e1790000)
 tenured generation   total 21888K, used 9538K [0x00000000eb400000, 0x00000000ec960000, 0x0000000100000000)
   the space 21888K,  43% used [0x00000000eb400000, 0x00000000ebd50920, 0x00000000ebd50a00, 0x00000000ec960000)
 Metaspace       used 16901K, capacity 17150K, committed 17408K, reserved 1064960K
  class space    used 1971K, capacity 2035K, committed 2048K, reserved 1048576K
}
Event: 17.002 GC heap before
{Heap before GC invocations=17 (full 0):
 def new generation   total 9792K, used 9791K [0x00000000e0e00000, 0x00000000e18a0000, 0x00000000eb400000)
  eden space 8704K, 100% used [0x00000000e0e00000, 0x00000000e1680000, 0x00000000e1680000)
  from space 1088K,  99% used [0x00000000e1790000, 0x00000000e189fff8, 0x00000000e18a0000)
  to   space 1088K,   0% used [0x00000000e1680000, 0x00000000e1680000, 0x00000000e1790000)
 tenured generation   total 21888K, used 9538K [0x00000000eb400000, 0x00000000ec960000, 0x0000000100000000)
   the space 21888K,  43% used [0x00000000eb400000, 0x00000000ebd50920, 0x00000000ebd50a00, 0x00000000ec960000)
 Metaspace       used 17112K, capacity 17310K, committed 17536K, reserved 1064960K
  class space    used 2003K, capacity 2067K, committed 2176K, reserved 1048576K
Event: 17.049 GC heap after
Heap after GC invocations=18 (full 0):
 def new generation   total 9792K, used 1087K [0x00000000e0e00000, 0x00000000e18a0000, 0x00000000eb400000)
  eden space 8704K,   0% used [0x00000000e0e00000, 0x00000000e0e00000, 0x00000000e1680000)
  from space 1088K,  99% used [0x00000000e1680000, 0x00000000e178fff8, 0x00000000e1790000)
  to   space 1088K,   0% used [0x00000000e1790000, 0x00000000e1790000, 0x00000000e18a0000)
 tenured generation   total 21888K, used 11547K [0x00000000eb400000, 0x00000000ec960000, 0x0000000100000000)
   the space 21888K,  52% used [0x00000000eb400000, 0x00000000ebf46d90, 0x00000000ebf46e00, 0x00000000ec960000)
 Metaspace       used 17112K, capacity 17310K, committed 17536K, reserved 1064960K
  class space    used 2003K, capacity 2067K, committed 2176K, reserved 1048576K
}
Event: 18.635 GC heap before
{Heap before GC invocations=18 (full 0):
 def new generation   total 9792K, used 5250K [0x00000000e0e00000, 0x00000000e18a0000, 0x00000000eb400000)
  eden space 8704K,  47% used [0x00000000e0e00000, 0x00000000e12108b0, 0x00000000e1680000)
  from space 1088K,  99% used [0x00000000e1680000, 0x00000000e178fff8, 0x00000000e1790000)
  to   space 1088K,   0% used [0x00000000e1790000, 0x00000000e1790000, 0x00000000e18a0000)
 tenured generation   total 21888K, used 11547K [0x00000000eb400000, 0x00000000ec960000, 0x0000000100000000)
   the space 21888K,  52% used [0x00000000eb400000, 0x00000000ebf46d90, 0x00000000ebf46e00, 0x00000000ec960000)
 Metaspace       used 17458K, capacity 17694K, committed 17792K, reserved 1064960K
  class space    used 2046K, capacity 2131K, committed 2176K, reserved 1048576K
Event: 18.782 GC heap after
Heap after GC invocations=19 (full 1):
 def new generation   total 9920K, used 0K [0x00000000e0e00000, 0x00000000e18c0000, 0x00000000eb400000)
  eden space 8832K,   0% used [0x00000000e0e00000, 0x00000000e0e00000, 0x00000000e16a0000)
  from space 1088K,   0% used [0x00000000e16a0000, 0x00000000e16a0000, 0x00000000e17b0000)
  to   space 1088K,   0% used [0x00000000e17b0000, 0x00000000e17b0000, 0x00000000e18c0000)
 tenured generation   total 21888K, used 11465K [0x00000000eb400000, 0x00000000ec960000, 0x0000000100000000)
   the space 21888K,  52% used [0x00000000eb400000, 0x00000000ebf324c0, 0x00000000ebf32600, 0x00000000ec960000)
 Metaspace       used 17458K, capacity 17694K, committed 17792K, reserved 1064960K
  class space    used 2046K, capacity 2131K, committed 2176K, reserved 1048576K
}

